INFO [acme.Launcher] Starting Launcher using Java 1.8.0_281 on DESKTOP-AEBM6GB with PID 8724 (D:\GIIS\Tercero\DP2\Workspace-21.1\Projects\Acme-One\target\classes started by GL502 in D:\GIIS\Tercero\DP2\Workspace-21.1\Projects\Acme-One)
INFO [acme.Launcher] The following profiles are active: development,populator
INFO [acme.Launcher] Started Launcher in 8.304 seconds (JVM running for 9.007)
INFO [acme.framework.utilities.DatabasePopulator] Populating initial data
INFO [acme.framework.utilities.DatabasePopulator] Recreating schema
INFO [acme.framework.utilities.DatabasePopulator] Populating entities from classpath:/WEB-INF/population/initial-data.xml
INFO [acme.framework.utilities.DatabasePopulator] Validating your entities.
INFO [acme.framework.utilities.DatabasePopulator] Validating anonymousUserAccount ... PASS
INFO [acme.framework.utilities.DatabasePopulator] Validating anonymousAnonymous ... PASS
INFO [acme.framework.utilities.DatabasePopulator] Validating administratorUserAccount ... PASS
INFO [acme.framework.utilities.DatabasePopulator] Validating administratorAdministrator ... PASS
INFO [acme.framework.utilities.DatabasePopulator] Validating administratorAuthenticated ... PASS
INFO [acme.framework.utilities.DatabasePopulator] Validating configurationEn ... PASS
INFO [acme.framework.utilities.DatabasePopulator] Validating configurationEs ... PASS
INFO [acme.framework.utilities.DatabasePopulator] Sorting your entities topologically.
INFO [acme.framework.utilities.DatabasePopulator] > Setting index 0 for anonymousUserAccount.
INFO [acme.framework.utilities.DatabasePopulator] > Setting index 1 for anonymousAnonymous.
INFO [acme.framework.utilities.DatabasePopulator] > Setting index 2 for administratorUserAccount.
INFO [acme.framework.utilities.DatabasePopulator] > Setting index 3 for administratorAdministrator.
INFO [acme.framework.utilities.DatabasePopulator] > Setting index 4 for administratorAuthenticated.
INFO [acme.framework.utilities.DatabasePopulator] > Setting index 5 for configurationEn.
INFO [acme.framework.utilities.DatabasePopulator] > Setting index 6 for configurationEs.
INFO [acme.framework.utilities.DatabasePopulator] Persiting your entities.
INFO [acme.framework.utilities.DatabasePopulator] > Persisting anonymousUserAccount = acme.framework.entities.UserAccount{id=1, version=0}
INFO [acme.framework.utilities.DatabasePopulator] > Persisting anonymousAnonymous = acme.framework.entities.Anonymous{id=2, version=0}
INFO [acme.framework.utilities.DatabasePopulator] > Persisting administratorUserAccount = acme.framework.entities.UserAccount{id=3, version=0}
INFO [acme.framework.utilities.DatabasePopulator] > Persisting administratorAdministrator = acme.framework.entities.Administrator{id=4, version=0}
INFO [acme.framework.utilities.DatabasePopulator] > Persisting administratorAuthenticated = acme.framework.entities.Authenticated{id=5, version=0}
INFO [acme.framework.utilities.DatabasePopulator] > Persisting configurationEn = acme.entities.configuration.Configuration{id=6, version=0}
INFO [acme.framework.utilities.DatabasePopulator] > Persisting configurationEs = acme.entities.configuration.Configuration{id=7, version=0}
INFO [acme.framework.configuration.ShutdownConfiguration] The system is shutting down...
INFO [acme.Launcher] Starting Launcher using Java 1.8.0_281 on DESKTOP-AEBM6GB with PID 12656 (D:\GIIS\Tercero\DP2\Workspace-21.1\Projects\Acme-One\target\classes started by GL502 in D:\GIIS\Tercero\DP2\Workspace-21.1\Projects\Acme-One)
INFO [acme.Launcher] The following profiles are active: development,populator
INFO [acme.Launcher] Started Launcher in 8.607 seconds (JVM running for 9.298)
INFO [acme.framework.utilities.DatabasePopulator] Populating sample data
INFO [acme.framework.utilities.DatabasePopulator] Recreating schema
INFO [acme.framework.utilities.DatabasePopulator] Populating entities from classpath:/WEB-INF/population/initial-data.xml
INFO [acme.framework.utilities.DatabasePopulator] Validating your entities.
INFO [acme.framework.utilities.DatabasePopulator] Validating anonymousUserAccount ... PASS
INFO [acme.framework.utilities.DatabasePopulator] Validating anonymousAnonymous ... PASS
INFO [acme.framework.utilities.DatabasePopulator] Validating administratorUserAccount ... PASS
INFO [acme.framework.utilities.DatabasePopulator] Validating administratorAdministrator ... PASS
INFO [acme.framework.utilities.DatabasePopulator] Validating administratorAuthenticated ... PASS
INFO [acme.framework.utilities.DatabasePopulator] Validating configurationEn ... PASS
INFO [acme.framework.utilities.DatabasePopulator] Validating configurationEs ... PASS
INFO [acme.framework.utilities.DatabasePopulator] Sorting your entities topologically.
INFO [acme.framework.utilities.DatabasePopulator] > Setting index 0 for anonymousUserAccount.
INFO [acme.framework.utilities.DatabasePopulator] > Setting index 1 for anonymousAnonymous.
INFO [acme.framework.utilities.DatabasePopulator] > Setting index 2 for administratorUserAccount.
INFO [acme.framework.utilities.DatabasePopulator] > Setting index 3 for administratorAdministrator.
INFO [acme.framework.utilities.DatabasePopulator] > Setting index 4 for administratorAuthenticated.
INFO [acme.framework.utilities.DatabasePopulator] > Setting index 5 for configurationEn.
INFO [acme.framework.utilities.DatabasePopulator] > Setting index 6 for configurationEs.
INFO [acme.framework.utilities.DatabasePopulator] Persiting your entities.
INFO [acme.framework.utilities.DatabasePopulator] > Persisting anonymousUserAccount = acme.framework.entities.UserAccount{id=1, version=0}
INFO [acme.framework.utilities.DatabasePopulator] > Persisting anonymousAnonymous = acme.framework.entities.Anonymous{id=2, version=0}
INFO [acme.framework.utilities.DatabasePopulator] > Persisting administratorUserAccount = acme.framework.entities.UserAccount{id=3, version=0}
INFO [acme.framework.utilities.DatabasePopulator] > Persisting administratorAdministrator = acme.framework.entities.Administrator{id=4, version=0}
INFO [acme.framework.utilities.DatabasePopulator] > Persisting administratorAuthenticated = acme.framework.entities.Authenticated{id=5, version=0}
INFO [acme.framework.utilities.DatabasePopulator] > Persisting configurationEn = acme.entities.configuration.Configuration{id=6, version=0}
INFO [acme.framework.utilities.DatabasePopulator] > Persisting configurationEs = acme.entities.configuration.Configuration{id=7, version=0}
INFO [acme.framework.utilities.DatabasePopulator] Populating entities from classpath:/WEB-INF/population/sample-data.xml
INFO [acme.framework.utilities.DatabasePopulator] Validating your entities.
INFO [acme.framework.utilities.DatabasePopulator] Validating shout01 ... PASS
INFO [acme.framework.utilities.DatabasePopulator] Validating shout02 ... PASS
INFO [acme.framework.utilities.DatabasePopulator] Validating shout03 ... PASS
INFO [acme.framework.utilities.DatabasePopulator] Validating shout04 ... PASS
INFO [acme.framework.utilities.DatabasePopulator] Validating announcement01 ... PASS
INFO [acme.framework.utilities.DatabasePopulator] Validating announcement02 ... PASS
INFO [acme.framework.utilities.DatabasePopulator] Validating announcement03 ... PASS
INFO [acme.framework.utilities.DatabasePopulator] Validating announcement04 ... PASS
INFO [acme.framework.utilities.DatabasePopulator] Validating announcement05 ... PASS
INFO [acme.framework.utilities.DatabasePopulator] Validating announcement06 ... PASS
INFO [acme.framework.utilities.DatabasePopulator] Validating manager1UserAccount ... PASS
INFO [acme.framework.utilities.DatabasePopulator] Validating manager1Manager ... PASS
INFO [acme.framework.utilities.DatabasePopulator] Validating manager1Authenticated ... PASS
INFO [acme.framework.utilities.DatabasePopulator] Validating employer1UserAccount ... PASS
INFO [acme.framework.utilities.DatabasePopulator] Validating employer1Employer ... PASS
INFO [acme.framework.utilities.DatabasePopulator] Validating employer1Authenticated ... PASS
INFO [acme.framework.utilities.DatabasePopulator] Validating employer2UserAccount ... PASS
INFO [acme.framework.utilities.DatabasePopulator] Validating employer2Employer ... PASS
INFO [acme.framework.utilities.DatabasePopulator] Validating employer2Authenticated ... PASS
INFO [acme.framework.utilities.DatabasePopulator] Validating worker1UserAccount ... PASS
INFO [acme.framework.utilities.DatabasePopulator] Validating worker1Employer ... PASS
INFO [acme.framework.utilities.DatabasePopulator] Validating worker1Authenticated ... PASS
INFO [acme.framework.utilities.DatabasePopulator] Validating job1 ... PASS
INFO [acme.framework.utilities.DatabasePopulator] Validating job2 ... PASS
INFO [acme.framework.utilities.DatabasePopulator] Validating job3 ... PASS
INFO [acme.framework.utilities.DatabasePopulator] Validating job4 ... PASS
INFO [acme.framework.utilities.DatabasePopulator] Validating application1 ... PASS
INFO [acme.framework.utilities.DatabasePopulator] Validating banner1 ... PASS
INFO [acme.framework.utilities.DatabasePopulator] Validating banner2 ... PASS
INFO [acme.framework.utilities.DatabasePopulator] Validating banner3 ... PASS
INFO [acme.framework.utilities.DatabasePopulator] Validating banner4 ... PASS
INFO [acme.framework.utilities.DatabasePopulator] Validating banner5 ... PASS
INFO [acme.framework.utilities.DatabasePopulator] Validating task01 ... PASS
INFO [acme.framework.utilities.DatabasePopulator] Validating task02 ... PASS
INFO [acme.framework.utilities.DatabasePopulator] Validating task03 ... PASS
INFO [acme.framework.utilities.DatabasePopulator] Validating task04 ... PASS
INFO [acme.framework.utilities.DatabasePopulator] Sorting your entities topologically.
INFO [acme.framework.utilities.DatabasePopulator] > Setting index 0 for shout01.
INFO [acme.framework.utilities.DatabasePopulator] > Setting index 1 for shout02.
INFO [acme.framework.utilities.DatabasePopulator] > Setting index 2 for shout03.
INFO [acme.framework.utilities.DatabasePopulator] > Setting index 3 for shout04.
INFO [acme.framework.utilities.DatabasePopulator] > Setting index 4 for announcement01.
INFO [acme.framework.utilities.DatabasePopulator] > Setting index 5 for announcement02.
INFO [acme.framework.utilities.DatabasePopulator] > Setting index 6 for announcement03.
INFO [acme.framework.utilities.DatabasePopulator] > Setting index 7 for announcement04.
INFO [acme.framework.utilities.DatabasePopulator] > Setting index 8 for announcement05.
INFO [acme.framework.utilities.DatabasePopulator] > Setting index 9 for announcement06.
INFO [acme.framework.utilities.DatabasePopulator] > Setting index 10 for manager1UserAccount.
INFO [acme.framework.utilities.DatabasePopulator] > Setting index 11 for manager1Manager.
INFO [acme.framework.utilities.DatabasePopulator] > Setting index 12 for manager1Authenticated.
INFO [acme.framework.utilities.DatabasePopulator] > Setting index 13 for employer1UserAccount.
INFO [acme.framework.utilities.DatabasePopulator] > Setting index 14 for employer1Employer.
INFO [acme.framework.utilities.DatabasePopulator] > Setting index 15 for employer1Authenticated.
INFO [acme.framework.utilities.DatabasePopulator] > Setting index 16 for employer2UserAccount.
INFO [acme.framework.utilities.DatabasePopulator] > Setting index 17 for employer2Employer.
INFO [acme.framework.utilities.DatabasePopulator] > Setting index 18 for employer2Authenticated.
INFO [acme.framework.utilities.DatabasePopulator] > Setting index 19 for worker1UserAccount.
INFO [acme.framework.utilities.DatabasePopulator] > Setting index 20 for worker1Employer.
INFO [acme.framework.utilities.DatabasePopulator] > Setting index 21 for worker1Authenticated.
INFO [acme.framework.utilities.DatabasePopulator] > Setting index 22 for job1.
INFO [acme.framework.utilities.DatabasePopulator] > Setting index 23 for job2.
INFO [acme.framework.utilities.DatabasePopulator] > Setting index 24 for job3.
INFO [acme.framework.utilities.DatabasePopulator] > Setting index 25 for job4.
INFO [acme.framework.utilities.DatabasePopulator] > Setting index 26 for application1.
INFO [acme.framework.utilities.DatabasePopulator] > Setting index 27 for banner1.
INFO [acme.framework.utilities.DatabasePopulator] > Setting index 28 for banner2.
INFO [acme.framework.utilities.DatabasePopulator] > Setting index 29 for banner3.
INFO [acme.framework.utilities.DatabasePopulator] > Setting index 30 for banner4.
INFO [acme.framework.utilities.DatabasePopulator] > Setting index 31 for banner5.
INFO [acme.framework.utilities.DatabasePopulator] > Setting index 32 for task01.
INFO [acme.framework.utilities.DatabasePopulator] > Setting index 33 for task02.
INFO [acme.framework.utilities.DatabasePopulator] > Setting index 34 for task03.
INFO [acme.framework.utilities.DatabasePopulator] > Setting index 35 for task04.
INFO [acme.framework.utilities.DatabasePopulator] Persiting your entities.
INFO [acme.framework.utilities.DatabasePopulator] > Persisting shout01 = acme.entities.shouts.Shout{id=8, version=0}
INFO [acme.framework.utilities.DatabasePopulator] > Persisting shout02 = acme.entities.shouts.Shout{id=9, version=0}
INFO [acme.framework.utilities.DatabasePopulator] > Persisting shout03 = acme.entities.shouts.Shout{id=10, version=0}
INFO [acme.framework.utilities.DatabasePopulator] > Persisting shout04 = acme.entities.shouts.Shout{id=11, version=0}
INFO [acme.framework.utilities.DatabasePopulator] > Persisting announcement01 = acme.entities.announcements.Announcement{id=12, version=0}
INFO [acme.framework.utilities.DatabasePopulator] > Persisting announcement02 = acme.entities.announcements.Announcement{id=13, version=0}
INFO [acme.framework.utilities.DatabasePopulator] > Persisting announcement03 = acme.entities.announcements.Announcement{id=14, version=0}
INFO [acme.framework.utilities.DatabasePopulator] > Persisting announcement04 = acme.entities.announcements.Announcement{id=15, version=0}
INFO [acme.framework.utilities.DatabasePopulator] > Persisting announcement05 = acme.entities.announcements.Announcement{id=16, version=0}
INFO [acme.framework.utilities.DatabasePopulator] > Persisting announcement06 = acme.entities.announcements.Announcement{id=17, version=0}
INFO [acme.framework.utilities.DatabasePopulator] > Persisting manager1UserAccount = acme.framework.entities.UserAccount{id=18, version=0}
INFO [acme.framework.utilities.DatabasePopulator] > Persisting manager1Manager = acme.entities.roles.Manager{id=19, version=0}
INFO [acme.framework.utilities.DatabasePopulator] > Persisting manager1Authenticated = acme.framework.entities.Authenticated{id=20, version=0}
INFO [acme.framework.utilities.DatabasePopulator] > Persisting employer1UserAccount = acme.framework.entities.UserAccount{id=21, version=0}
INFO [acme.framework.utilities.DatabasePopulator] > Persisting employer1Employer = acme.entities.roles.Employer{id=22, version=0}
INFO [acme.framework.utilities.DatabasePopulator] > Persisting employer1Authenticated = acme.framework.entities.Authenticated{id=23, version=0}
INFO [acme.framework.utilities.DatabasePopulator] > Persisting employer2UserAccount = acme.framework.entities.UserAccount{id=24, version=0}
INFO [acme.framework.utilities.DatabasePopulator] > Persisting employer2Employer = acme.entities.roles.Employer{id=25, version=0}
INFO [acme.framework.utilities.DatabasePopulator] > Persisting employer2Authenticated = acme.framework.entities.Authenticated{id=26, version=0}
INFO [acme.framework.utilities.DatabasePopulator] > Persisting worker1UserAccount = acme.framework.entities.UserAccount{id=27, version=0}
INFO [acme.framework.utilities.DatabasePopulator] > Persisting worker1Employer = acme.entities.roles.Worker{id=28, version=0}
INFO [acme.framework.utilities.DatabasePopulator] > Persisting worker1Authenticated = acme.framework.entities.Authenticated{id=29, version=0}
INFO [acme.framework.utilities.DatabasePopulator] > Persisting job1 = acme.entities.jobs.Job{id=30, version=0}
INFO [acme.framework.utilities.DatabasePopulator] > Persisting job2 = acme.entities.jobs.Job{id=31, version=0}
INFO [acme.framework.utilities.DatabasePopulator] > Persisting job3 = acme.entities.jobs.Job{id=32, version=0}
INFO [acme.framework.utilities.DatabasePopulator] > Persisting job4 = acme.entities.jobs.Job{id=33, version=0}
INFO [acme.framework.utilities.DatabasePopulator] > Persisting application1 = acme.entities.jobs.Application{id=34, version=0}
INFO [acme.framework.utilities.DatabasePopulator] > Persisting banner1 = acme.entities.banners.Banner{id=35, version=0}
INFO [acme.framework.utilities.DatabasePopulator] > Persisting banner2 = acme.entities.banners.Banner{id=36, version=0}
INFO [acme.framework.utilities.DatabasePopulator] > Persisting banner3 = acme.entities.banners.Banner{id=37, version=0}
INFO [acme.framework.utilities.DatabasePopulator] > Persisting banner4 = acme.entities.banners.Banner{id=38, version=0}
INFO [acme.framework.utilities.DatabasePopulator] > Persisting banner5 = acme.entities.banners.Banner{id=39, version=0}
INFO [acme.framework.utilities.DatabasePopulator] > Persisting task01 = acme.entities.tasks.Task{id=40, version=0}
INFO [acme.framework.utilities.DatabasePopulator] > Persisting task02 = acme.entities.tasks.Task{id=41, version=0}
INFO [acme.framework.utilities.DatabasePopulator] > Persisting task03 = acme.entities.tasks.Task{id=42, version=0}
INFO [acme.framework.utilities.DatabasePopulator] > Persisting task04 = acme.entities.tasks.Task{id=43, version=0}
INFO [acme.framework.configuration.ShutdownConfiguration] The system is shutting down...
WARN [org.apache.tiles.request.locale.PostfixedApplicationResource] No supported matching language for locale "english". Using file:/D:/GIIS/Tercero/DP2/Workspace-21.1/Projects/Acme-One/src/main/webapp/WEB-INF/views/anonymous/task/tiles_english.xml as a non-localized resource path. see TILES-571
WARN [org.apache.tiles.request.locale.PostfixedApplicationResource] No supported matching language for locale "english". Using file:/D:/GIIS/Tercero/DP2/Workspace-21.1/Projects/Acme-One/src/main/webapp/WEB-INF/views/anonymous/shout/tiles_english.xml as a non-localized resource path. see TILES-571
WARN [org.apache.tiles.request.locale.PostfixedApplicationResource] No supported matching language for locale "english". Using file:/D:/GIIS/Tercero/DP2/Workspace-21.1/Projects/Acme-One/src/main/webapp/WEB-INF/views/anonymous/job/tiles_english.xml as a non-localized resource path. see TILES-571
WARN [org.apache.tiles.request.locale.PostfixedApplicationResource] No supported matching language for locale "english". Using file:/D:/GIIS/Tercero/DP2/Workspace-21.1/Projects/Acme-One/src/main/webapp/WEB-INF/views/anonymous/user-account/tiles_english.xml as a non-localized resource path. see TILES-571
WARN [org.apache.tiles.request.locale.PostfixedApplicationResource] No supported matching language for locale "english". Using file:/D:/GIIS/Tercero/DP2/Workspace-21.1/Projects/Acme-One/src/main/webapp/WEB-INF/views/worker/application/tiles_english.xml as a non-localized resource path. see TILES-571
WARN [org.apache.tiles.request.locale.PostfixedApplicationResource] No supported matching language for locale "english". Using file:/D:/GIIS/Tercero/DP2/Workspace-21.1/Projects/Acme-One/src/main/webapp/WEB-INF/views/worker/job/tiles_english.xml as a non-localized resource path. see TILES-571
WARN [org.apache.tiles.request.locale.PostfixedApplicationResource] No supported matching language for locale "english". Using file:/D:/GIIS/Tercero/DP2/Workspace-21.1/Projects/Acme-One/src/main/webapp/WEB-INF/views/manager/task/tiles_english.xml as a non-localized resource path. see TILES-571
WARN [org.apache.tiles.request.locale.PostfixedApplicationResource] No supported matching language for locale "english". Using file:/D:/GIIS/Tercero/DP2/Workspace-21.1/Projects/Acme-One/src/main/webapp/WEB-INF/views/administrator/announcement/tiles_english.xml as a non-localized resource path. see TILES-571
WARN [org.apache.tiles.request.locale.PostfixedApplicationResource] No supported matching language for locale "english". Using file:/D:/GIIS/Tercero/DP2/Workspace-21.1/Projects/Acme-One/src/main/webapp/WEB-INF/views/administrator/user-account/tiles_english.xml as a non-localized resource path. see TILES-571
WARN [org.apache.tiles.request.locale.PostfixedApplicationResource] No supported matching language for locale "english". Using file:/D:/GIIS/Tercero/DP2/Workspace-21.1/Projects/Acme-One/src/main/webapp/WEB-INF/views/administrator/dashboard/tiles_english.xml as a non-localized resource path. see TILES-571
WARN [org.apache.tiles.request.locale.PostfixedApplicationResource] No supported matching language for locale "english". Using file:/D:/GIIS/Tercero/DP2/Workspace-21.1/Projects/Acme-One/src/main/webapp/WEB-INF/views/administrator/configuration/tiles_english.xml as a non-localized resource path. see TILES-571
WARN [org.apache.tiles.request.locale.PostfixedApplicationResource] No supported matching language for locale "english". Using file:/D:/GIIS/Tercero/DP2/Workspace-21.1/Projects/Acme-One/src/main/webapp/WEB-INF/views/authenticated/announcement/tiles_english.xml as a non-localized resource path. see TILES-571
WARN [org.apache.tiles.request.locale.PostfixedApplicationResource] No supported matching language for locale "english". Using file:/D:/GIIS/Tercero/DP2/Workspace-21.1/Projects/Acme-One/src/main/webapp/WEB-INF/views/authenticated/money-exchange/tiles_english.xml as a non-localized resource path. see TILES-571
WARN [org.apache.tiles.request.locale.PostfixedApplicationResource] No supported matching language for locale "english". Using file:/D:/GIIS/Tercero/DP2/Workspace-21.1/Projects/Acme-One/src/main/webapp/WEB-INF/views/authenticated/manager/tiles_english.xml as a non-localized resource path. see TILES-571
WARN [org.apache.tiles.request.locale.PostfixedApplicationResource] No supported matching language for locale "english". Using file:/D:/GIIS/Tercero/DP2/Workspace-21.1/Projects/Acme-One/src/main/webapp/WEB-INF/views/authenticated/worker/tiles_english.xml as a non-localized resource path. see TILES-571
WARN [org.apache.tiles.request.locale.PostfixedApplicationResource] No supported matching language for locale "english". Using file:/D:/GIIS/Tercero/DP2/Workspace-21.1/Projects/Acme-One/src/main/webapp/WEB-INF/views/authenticated/employer/tiles_english.xml as a non-localized resource path. see TILES-571
WARN [org.apache.tiles.request.locale.PostfixedApplicationResource] No supported matching language for locale "english". Using file:/D:/GIIS/Tercero/DP2/Workspace-21.1/Projects/Acme-One/src/main/webapp/WEB-INF/views/authenticated/task/tiles_english.xml as a non-localized resource path. see TILES-571
WARN [org.apache.tiles.request.locale.PostfixedApplicationResource] No supported matching language for locale "english". Using file:/D:/GIIS/Tercero/DP2/Workspace-21.1/Projects/Acme-One/src/main/webapp/WEB-INF/views/authenticated/user-account/tiles_english.xml as a non-localized resource path. see TILES-571
WARN [org.apache.tiles.request.locale.PostfixedApplicationResource] No supported matching language for locale "english". Using file:/D:/GIIS/Tercero/DP2/Workspace-21.1/Projects/Acme-One/src/main/webapp/WEB-INF/views/framework/tiles_english.xml as a non-localized resource path. see TILES-571
WARN [org.apache.tiles.request.locale.PostfixedApplicationResource] No supported matching language for locale "english". Using file:/D:/GIIS/Tercero/DP2/Workspace-21.1/Projects/Acme-One/src/main/webapp/WEB-INF/views/employer/application/tiles_english.xml as a non-localized resource path. see TILES-571
WARN [org.apache.tiles.request.locale.PostfixedApplicationResource] No supported matching language for locale "english". Using file:/D:/GIIS/Tercero/DP2/Workspace-21.1/Projects/Acme-One/src/main/webapp/WEB-INF/views/employer/job/tiles_english.xml as a non-localized resource path. see TILES-571
WARN [org.apache.tiles.request.locale.PostfixedApplicationResource] No supported matching language for locale "und". Using file:/D:/GIIS/Tercero/DP2/Workspace-21.1/Projects/Acme-One/src/main/webapp/WEB-INF/views/anonymous/task/tiles_und.xml as a non-localized resource path. see TILES-571
WARN [org.apache.tiles.request.locale.PostfixedApplicationResource] No supported matching language for locale "und". Using file:/D:/GIIS/Tercero/DP2/Workspace-21.1/Projects/Acme-One/src/main/webapp/WEB-INF/views/anonymous/shout/tiles_und.xml as a non-localized resource path. see TILES-571
WARN [org.apache.tiles.request.locale.PostfixedApplicationResource] No supported matching language for locale "und". Using file:/D:/GIIS/Tercero/DP2/Workspace-21.1/Projects/Acme-One/src/main/webapp/WEB-INF/views/anonymous/job/tiles_und.xml as a non-localized resource path. see TILES-571
WARN [org.apache.tiles.request.locale.PostfixedApplicationResource] No supported matching language for locale "und". Using file:/D:/GIIS/Tercero/DP2/Workspace-21.1/Projects/Acme-One/src/main/webapp/WEB-INF/views/anonymous/user-account/tiles_und.xml as a non-localized resource path. see TILES-571
WARN [org.apache.tiles.request.locale.PostfixedApplicationResource] No supported matching language for locale "und". Using file:/D:/GIIS/Tercero/DP2/Workspace-21.1/Projects/Acme-One/src/main/webapp/WEB-INF/views/worker/application/tiles_und.xml as a non-localized resource path. see TILES-571
WARN [org.apache.tiles.request.locale.PostfixedApplicationResource] No supported matching language for locale "und". Using file:/D:/GIIS/Tercero/DP2/Workspace-21.1/Projects/Acme-One/src/main/webapp/WEB-INF/views/worker/job/tiles_und.xml as a non-localized resource path. see TILES-571
WARN [org.apache.tiles.request.locale.PostfixedApplicationResource] No supported matching language for locale "und". Using file:/D:/GIIS/Tercero/DP2/Workspace-21.1/Projects/Acme-One/src/main/webapp/WEB-INF/views/manager/task/tiles_und.xml as a non-localized resource path. see TILES-571
WARN [org.apache.tiles.request.locale.PostfixedApplicationResource] No supported matching language for locale "und". Using file:/D:/GIIS/Tercero/DP2/Workspace-21.1/Projects/Acme-One/src/main/webapp/WEB-INF/views/administrator/announcement/tiles_und.xml as a non-localized resource path. see TILES-571
WARN [org.apache.tiles.request.locale.PostfixedApplicationResource] No supported matching language for locale "und". Using file:/D:/GIIS/Tercero/DP2/Workspace-21.1/Projects/Acme-One/src/main/webapp/WEB-INF/views/administrator/user-account/tiles_und.xml as a non-localized resource path. see TILES-571
WARN [org.apache.tiles.request.locale.PostfixedApplicationResource] No supported matching language for locale "und". Using file:/D:/GIIS/Tercero/DP2/Workspace-21.1/Projects/Acme-One/src/main/webapp/WEB-INF/views/administrator/dashboard/tiles_und.xml as a non-localized resource path. see TILES-571
WARN [org.apache.tiles.request.locale.PostfixedApplicationResource] No supported matching language for locale "und". Using file:/D:/GIIS/Tercero/DP2/Workspace-21.1/Projects/Acme-One/src/main/webapp/WEB-INF/views/administrator/configuration/tiles_und.xml as a non-localized resource path. see TILES-571
WARN [org.apache.tiles.request.locale.PostfixedApplicationResource] No supported matching language for locale "und". Using file:/D:/GIIS/Tercero/DP2/Workspace-21.1/Projects/Acme-One/src/main/webapp/WEB-INF/views/authenticated/announcement/tiles_und.xml as a non-localized resource path. see TILES-571
WARN [org.apache.tiles.request.locale.PostfixedApplicationResource] No supported matching language for locale "und". Using file:/D:/GIIS/Tercero/DP2/Workspace-21.1/Projects/Acme-One/src/main/webapp/WEB-INF/views/authenticated/money-exchange/tiles_und.xml as a non-localized resource path. see TILES-571
WARN [org.apache.tiles.request.locale.PostfixedApplicationResource] No supported matching language for locale "und". Using file:/D:/GIIS/Tercero/DP2/Workspace-21.1/Projects/Acme-One/src/main/webapp/WEB-INF/views/authenticated/manager/tiles_und.xml as a non-localized resource path. see TILES-571
WARN [org.apache.tiles.request.locale.PostfixedApplicationResource] No supported matching language for locale "und". Using file:/D:/GIIS/Tercero/DP2/Workspace-21.1/Projects/Acme-One/src/main/webapp/WEB-INF/views/authenticated/worker/tiles_und.xml as a non-localized resource path. see TILES-571
WARN [org.apache.tiles.request.locale.PostfixedApplicationResource] No supported matching language for locale "und". Using file:/D:/GIIS/Tercero/DP2/Workspace-21.1/Projects/Acme-One/src/main/webapp/WEB-INF/views/authenticated/employer/tiles_und.xml as a non-localized resource path. see TILES-571
WARN [org.apache.tiles.request.locale.PostfixedApplicationResource] No supported matching language for locale "und". Using file:/D:/GIIS/Tercero/DP2/Workspace-21.1/Projects/Acme-One/src/main/webapp/WEB-INF/views/authenticated/task/tiles_und.xml as a non-localized resource path. see TILES-571
WARN [org.apache.tiles.request.locale.PostfixedApplicationResource] No supported matching language for locale "und". Using file:/D:/GIIS/Tercero/DP2/Workspace-21.1/Projects/Acme-One/src/main/webapp/WEB-INF/views/authenticated/user-account/tiles_und.xml as a non-localized resource path. see TILES-571
WARN [org.apache.tiles.request.locale.PostfixedApplicationResource] No supported matching language for locale "und". Using file:/D:/GIIS/Tercero/DP2/Workspace-21.1/Projects/Acme-One/src/main/webapp/WEB-INF/views/framework/tiles_und.xml as a non-localized resource path. see TILES-571
WARN [org.apache.tiles.request.locale.PostfixedApplicationResource] No supported matching language for locale "und". Using file:/D:/GIIS/Tercero/DP2/Workspace-21.1/Projects/Acme-One/src/main/webapp/WEB-INF/views/employer/application/tiles_und.xml as a non-localized resource path. see TILES-571
WARN [org.apache.tiles.request.locale.PostfixedApplicationResource] No supported matching language for locale "und". Using file:/D:/GIIS/Tercero/DP2/Workspace-21.1/Projects/Acme-One/src/main/webapp/WEB-INF/views/employer/job/tiles_und.xml as a non-localized resource path. see TILES-571
WARN [org.apache.tiles.request.locale.PostfixedApplicationResource] No supported matching language for locale "español". Using file:/D:/GIIS/Tercero/DP2/Workspace-21.1/Projects/Acme-One/src/main/webapp/WEB-INF/views/anonymous/task/tiles_español.xml as a non-localized resource path. see TILES-571
WARN [org.apache.tiles.request.locale.PostfixedApplicationResource] No supported matching language for locale "español". Using file:/D:/GIIS/Tercero/DP2/Workspace-21.1/Projects/Acme-One/src/main/webapp/WEB-INF/views/anonymous/shout/tiles_español.xml as a non-localized resource path. see TILES-571
WARN [org.apache.tiles.request.locale.PostfixedApplicationResource] No supported matching language for locale "español". Using file:/D:/GIIS/Tercero/DP2/Workspace-21.1/Projects/Acme-One/src/main/webapp/WEB-INF/views/anonymous/job/tiles_español.xml as a non-localized resource path. see TILES-571
WARN [org.apache.tiles.request.locale.PostfixedApplicationResource] No supported matching language for locale "español". Using file:/D:/GIIS/Tercero/DP2/Workspace-21.1/Projects/Acme-One/src/main/webapp/WEB-INF/views/anonymous/user-account/tiles_español.xml as a non-localized resource path. see TILES-571
WARN [org.apache.tiles.request.locale.PostfixedApplicationResource] No supported matching language for locale "español". Using file:/D:/GIIS/Tercero/DP2/Workspace-21.1/Projects/Acme-One/src/main/webapp/WEB-INF/views/worker/application/tiles_español.xml as a non-localized resource path. see TILES-571
WARN [org.apache.tiles.request.locale.PostfixedApplicationResource] No supported matching language for locale "español". Using file:/D:/GIIS/Tercero/DP2/Workspace-21.1/Projects/Acme-One/src/main/webapp/WEB-INF/views/worker/job/tiles_español.xml as a non-localized resource path. see TILES-571
WARN [org.apache.tiles.request.locale.PostfixedApplicationResource] No supported matching language for locale "español". Using file:/D:/GIIS/Tercero/DP2/Workspace-21.1/Projects/Acme-One/src/main/webapp/WEB-INF/views/manager/task/tiles_español.xml as a non-localized resource path. see TILES-571
WARN [org.apache.tiles.request.locale.PostfixedApplicationResource] No supported matching language for locale "español". Using file:/D:/GIIS/Tercero/DP2/Workspace-21.1/Projects/Acme-One/src/main/webapp/WEB-INF/views/administrator/announcement/tiles_español.xml as a non-localized resource path. see TILES-571
WARN [org.apache.tiles.request.locale.PostfixedApplicationResource] No supported matching language for locale "español". Using file:/D:/GIIS/Tercero/DP2/Workspace-21.1/Projects/Acme-One/src/main/webapp/WEB-INF/views/administrator/user-account/tiles_español.xml as a non-localized resource path. see TILES-571
WARN [org.apache.tiles.request.locale.PostfixedApplicationResource] No supported matching language for locale "español". Using file:/D:/GIIS/Tercero/DP2/Workspace-21.1/Projects/Acme-One/src/main/webapp/WEB-INF/views/administrator/dashboard/tiles_español.xml as a non-localized resource path. see TILES-571
WARN [org.apache.tiles.request.locale.PostfixedApplicationResource] No supported matching language for locale "español". Using file:/D:/GIIS/Tercero/DP2/Workspace-21.1/Projects/Acme-One/src/main/webapp/WEB-INF/views/administrator/configuration/tiles_español.xml as a non-localized resource path. see TILES-571
WARN [org.apache.tiles.request.locale.PostfixedApplicationResource] No supported matching language for locale "español". Using file:/D:/GIIS/Tercero/DP2/Workspace-21.1/Projects/Acme-One/src/main/webapp/WEB-INF/views/authenticated/announcement/tiles_español.xml as a non-localized resource path. see TILES-571
WARN [org.apache.tiles.request.locale.PostfixedApplicationResource] No supported matching language for locale "español". Using file:/D:/GIIS/Tercero/DP2/Workspace-21.1/Projects/Acme-One/src/main/webapp/WEB-INF/views/authenticated/money-exchange/tiles_español.xml as a non-localized resource path. see TILES-571
WARN [org.apache.tiles.request.locale.PostfixedApplicationResource] No supported matching language for locale "español". Using file:/D:/GIIS/Tercero/DP2/Workspace-21.1/Projects/Acme-One/src/main/webapp/WEB-INF/views/authenticated/manager/tiles_español.xml as a non-localized resource path. see TILES-571
WARN [org.apache.tiles.request.locale.PostfixedApplicationResource] No supported matching language for locale "español". Using file:/D:/GIIS/Tercero/DP2/Workspace-21.1/Projects/Acme-One/src/main/webapp/WEB-INF/views/authenticated/worker/tiles_español.xml as a non-localized resource path. see TILES-571
WARN [org.apache.tiles.request.locale.PostfixedApplicationResource] No supported matching language for locale "español". Using file:/D:/GIIS/Tercero/DP2/Workspace-21.1/Projects/Acme-One/src/main/webapp/WEB-INF/views/authenticated/employer/tiles_español.xml as a non-localized resource path. see TILES-571
WARN [org.apache.tiles.request.locale.PostfixedApplicationResource] No supported matching language for locale "español". Using file:/D:/GIIS/Tercero/DP2/Workspace-21.1/Projects/Acme-One/src/main/webapp/WEB-INF/views/authenticated/task/tiles_español.xml as a non-localized resource path. see TILES-571
WARN [org.apache.tiles.request.locale.PostfixedApplicationResource] No supported matching language for locale "español". Using file:/D:/GIIS/Tercero/DP2/Workspace-21.1/Projects/Acme-One/src/main/webapp/WEB-INF/views/authenticated/user-account/tiles_español.xml as a non-localized resource path. see TILES-571
WARN [org.apache.tiles.request.locale.PostfixedApplicationResource] No supported matching language for locale "español". Using file:/D:/GIIS/Tercero/DP2/Workspace-21.1/Projects/Acme-One/src/main/webapp/WEB-INF/views/framework/tiles_español.xml as a non-localized resource path. see TILES-571
WARN [org.apache.tiles.request.locale.PostfixedApplicationResource] No supported matching language for locale "español". Using file:/D:/GIIS/Tercero/DP2/Workspace-21.1/Projects/Acme-One/src/main/webapp/WEB-INF/views/employer/application/tiles_español.xml as a non-localized resource path. see TILES-571
WARN [org.apache.tiles.request.locale.PostfixedApplicationResource] No supported matching language for locale "español". Using file:/D:/GIIS/Tercero/DP2/Workspace-21.1/Projects/Acme-One/src/main/webapp/WEB-INF/views/employer/job/tiles_español.xml as a non-localized resource path. see TILES-571
ERROR [org.apache.jsp.WEB_002dINF.views.framework.panic_jsp] HTTP GET /Acme-One/WEB-INF/views/framework/page.jsp HTTP/1.1
ERROR [org.apache.jsp.WEB_002dINF.views.framework.panic_jsp] Status: 500
ERROR [org.apache.jsp.WEB_002dINF.views.framework.panic_jsp] Exception: acme.framework.helpers.Assert.state(Assert.java:45): Access is not authorised
ERROR [org.apache.jsp.WEB_002dINF.views.framework.panic_jsp] HTTP GET /Acme-One/WEB-INF/views/framework/page.jsp HTTP/1.1
ERROR [org.apache.jsp.WEB_002dINF.views.framework.panic_jsp] Status: 500
ERROR [org.apache.jsp.WEB_002dINF.views.framework.panic_jsp] Exception: acme.framework.helpers.Assert.state(Assert.java:45): Access is not authorised
ERROR [org.apache.jsp.WEB_002dINF.views.framework.panic_jsp] HTTP POST /Acme-One/WEB-INF/views/framework/page.jsp HTTP/1.1
ERROR [org.apache.jsp.WEB_002dINF.views.framework.panic_jsp] Status: 500
ERROR [org.apache.jsp.WEB_002dINF.views.framework.panic_jsp] Exception: java.lang.NullPointerException
ERROR [org.apache.jsp.WEB_002dINF.views.framework.panic_jsp] HTTP POST /Acme-One/WEB-INF/views/framework/page.jsp HTTP/1.1
ERROR [org.apache.jsp.WEB_002dINF.views.framework.panic_jsp] Status: 500
ERROR [org.apache.jsp.WEB_002dINF.views.framework.panic_jsp] Exception: java.lang.NullPointerException
ERROR [org.apache.jsp.WEB_002dINF.views.framework.panic_jsp] HTTP GET /Acme-One/WEB-INF/views/framework/page.jsp HTTP/1.1
ERROR [org.apache.jsp.WEB_002dINF.views.framework.panic_jsp] Status: 500
ERROR [org.apache.jsp.WEB_002dINF.views.framework.panic_jsp] Exception: acme.framework.helpers.Assert.state(Assert.java:45): Access is not authorised
ERROR [org.apache.jsp.WEB_002dINF.views.framework.panic_jsp] HTTP GET /Acme-One/WEB-INF/views/framework/page.jsp HTTP/1.1
ERROR [org.apache.jsp.WEB_002dINF.views.framework.panic_jsp] Status: 500
ERROR [org.apache.jsp.WEB_002dINF.views.framework.panic_jsp] Exception: acme.framework.helpers.Assert.state(Assert.java:45): Access is not authorised
WARN [com.zaxxer.hikari.pool.HikariPool] {} - Thread starvation or clock leap detected (housekeeper delta={}).
WARN [com.zaxxer.hikari.pool.HikariPool] {} - Thread starvation or clock leap detected (housekeeper delta={}).
